C:\Users\MutantSuperNick\Desktop\SCHOOL\Year2\AI\Nick_Genetic\Debug\sorting.pdb
C:\Users\MutantSuperNick\Desktop\SCHOOL\Year2\AI\Nick_Genetic\sorting\Debug\cl.command.1.tlog
C:\Users\MutantSuperNick\Desktop\SCHOOL\Year2\AI\Nick_Genetic\sorting\Debug\CL.read.1.tlog
C:\Users\MutantSuperNick\Desktop\SCHOOL\Year2\AI\Nick_Genetic\sorting\Debug\CL.write.1.tlog
C:\Users\MutantSuperNick\Desktop\SCHOOL\Year2\AI\Nick_Genetic\sorting\Debug\link.7896.read.1.tlog
C:\Users\MutantSuperNick\Desktop\SCHOOL\Year2\AI\Nick_Genetic\sorting\Debug\link.7896.write.1.tlog
C:\Users\MutantSuperNick\Desktop\SCHOOL\Year2\AI\Nick_Genetic\sorting\Debug\link.7896-cvtres.read.1.tlog
C:\Users\MutantSuperNick\Desktop\SCHOOL\Year2\AI\Nick_Genetic\sorting\Debug\link.7896-cvtres.write.1.tlog
C:\Users\MutantSuperNick\Desktop\SCHOOL\Year2\AI\Nick_Genetic\sorting\Debug\link.command.1.tlog
C:\Users\MutantSuperNick\Desktop\SCHOOL\Year2\AI\Nick_Genetic\sorting\Debug\link.read.1.tlog
C:\Users\MutantSuperNick\Desktop\SCHOOL\Year2\AI\Nick_Genetic\sorting\Debug\link.write.1.tlog
C:\Users\MutantSuperNick\Desktop\SCHOOL\Year2\AI\Nick_Genetic\sorting\Debug\link-cvtres.read.1.tlog
C:\Users\MutantSuperNick\Desktop\SCHOOL\Year2\AI\Nick_Genetic\sorting\Debug\link-cvtres.write.1.tlog
C:\USERS\MUTANTSUPERNICK\DESKTOP\SCHOOL\YEAR2\AI\NICK_GENETIC\SORTING\DEBUG\MAIN.OBJ
C:\USERS\MUTANTSUPERNICK\DESKTOP\SCHOOL\YEAR2\AI\NICK_GENETIC\SORTING\DEBUG\MAP.OBJ
C:\Users\MutantSuperNick\Desktop\SCHOOL\Year2\AI\Nick_Genetic\sorting\Debug\mt.command.1.tlog
C:\Users\MutantSuperNick\Desktop\SCHOOL\Year2\AI\Nick_Genetic\sorting\Debug\mt.read.1.tlog
C:\Users\MutantSuperNick\Desktop\SCHOOL\Year2\AI\Nick_Genetic\sorting\Debug\mt.write.1.tlog
C:\USERS\MUTANTSUPERNICK\DESKTOP\SCHOOL\YEAR2\AI\NICK_GENETIC\SORTING\DEBUG\PLACEMENT.OBJ
C:\Users\MutantSuperNick\Desktop\SCHOOL\Year2\AI\Nick_Genetic\sorting\Debug\rc.command.1.tlog
C:\Users\MutantSuperNick\Desktop\SCHOOL\Year2\AI\Nick_Genetic\sorting\Debug\rc.read.1.tlog
C:\Users\MutantSuperNick\Desktop\SCHOOL\Year2\AI\Nick_Genetic\sorting\Debug\rc.write.1.tlog
C:\Users\MutantSuperNick\Desktop\SCHOOL\Year2\AI\Nick_Genetic\sorting\Debug\sorting.exe.embed.manifest
C:\USERS\MUTANTSUPERNICK\DESKTOP\SCHOOL\YEAR2\AI\NICK_GENETIC\SORTING\DEBUG\SORTING.EXE.EMBED.MANIFEST.RES
C:\Users\MutantSuperNick\Desktop\SCHOOL\Year2\AI\Nick_Genetic\sorting\Debug\sorting.exe.intermediate.manifest
C:\Users\MutantSuperNick\Desktop\SCHOOL\Year2\AI\Nick_Genetic\sorting\Debug\sorting_manifest.rc
C:\Users\MutantSuperNick\Desktop\SCHOOL\Year2\AI\Nick_Genetic\sorting\Debug\vc100.idb
C:\USERS\MUTANTSUPERNICK\DESKTOP\SCHOOL\YEAR2\AI\NICK_GENETIC\SORTING\DEBUG\VC100.PDB
C:\USERS\MUTANTSUPERNICK\DESKTOP\SCHOOL\YEAR2\AI\STL_SORTINGVECTOR\DEBUG\SORTING.EXE
C:\USERS\MUTANTSUPERNICK\DESKTOP\SCHOOL\YEAR2\AI\STL_SORTINGVECTOR\DEBUG\SORTING.ILK
C:\USERS\MUTANTSUPERNICK\DESKTOP\SCHOOL\YEAR2\AI\STL_SORTINGVECTOR\DEBUG\SORTING.PDB
C:\USERS\MUTANTSUPERNICK\DESKTOP\SCHOOL\YEAR2\AI\STL_SORTINGVECTOR\SORTING\DEBUG\MAIN.OBJ
C:\USERS\MUTANTSUPERNICK\DESKTOP\SCHOOL\YEAR2\AI\STL_SORTINGVECTOR\SORTING\DEBUG\MAP.OBJ
C:\USERS\MUTANTSUPERNICK\DESKTOP\SCHOOL\YEAR2\AI\STL_SORTINGVECTOR\SORTING\DEBUG\PLACEMENT.OBJ
C:\USERS\MUTANTSUPERNICK\DESKTOP\SCHOOL\YEAR2\AI\STL_SORTINGVECTOR\SORTING\DEBUG\SORTING.EXE.EMBED.MANIFEST
C:\USERS\MUTANTSUPERNICK\DESKTOP\SCHOOL\YEAR2\AI\STL_SORTINGVECTOR\SORTING\DEBUG\SORTING.EXE.EMBED.MANIFEST.RES
C:\USERS\MUTANTSUPERNICK\DESKTOP\SCHOOL\YEAR2\AI\STL_SORTINGVECTOR\SORTING\DEBUG\SORTING.EXE.INTERMEDIATE.MANIFEST
C:\USERS\MUTANTSUPERNICK\DESKTOP\SCHOOL\YEAR2\AI\STL_SORTINGVECTOR\SORTING\DEBUG\VC100.PDB
