Build started 08/07/2013 12:19:28 AM.
     1>Project "C:\Users\MutantSuperNick\Desktop\SCHOOL\Year2\AI\Nick_Genetic\sorting\sorting.vcxproj" on node 2 (build target(s)).
     1>InitializeBuildStatus:
         Touching "Debug\sorting.unsuccessfulbuild".
       ClCompile:
         c:\Program Files (x86)\Microsoft Visual Studio 10.0\VC\bin\CL.exe /c /ZI /nologo /W3 /WX- /Od /Oy- /D WIN32 /D _DEBUG /D _CONSOLE /D _UNICODE /D UNICODE /Gm /EHsc /RTC1 /MDd /GS /fp:precise /Zc:wchar_t /Zc:forScope /Fo"Debug\\" /Fd"Debug\vc100.pdb" /Gd /TP /analyze- /errorReport:prompt main.cpp Map.cpp placement.cpp
         placement.cpp
     1>c:\users\mutantsupernick\desktop\school\year2\ai\nick_genetic\sorting\placement.cpp(17): warning C4018: '<' : signed/unsigned mismatch
     1>c:\users\mutantsupernick\desktop\school\year2\ai\nick_genetic\sorting\placement.cpp(19): warning C4018: '<' : signed/unsigned mismatch
         Map.cpp
         main.cpp
     1>c:\users\mutantsupernick\desktop\school\year2\ai\nick_genetic\sorting\main.cpp(43): warning C4018: '<' : signed/unsigned mismatch
     1>c:\users\mutantsupernick\desktop\school\year2\ai\nick_genetic\sorting\main.cpp(52): warning C4244: 'argument' : conversion from 'time_t' to 'unsigned int', possible loss of data
     1>c:\users\mutantsupernick\desktop\school\year2\ai\nick_genetic\sorting\main.cpp(198): warning C4018: '<' : signed/unsigned mismatch
         Generating Code...
       ManifestResourceCompile:
         C:\Program Files (x86)\Microsoft SDKs\Windows\v7.0A\bin\rc.exe /nologo /fo"Debug\sorting.exe.embed.manifest.res" Debug\sorting_manifest.rc 
       Link:
         c:\Program Files (x86)\Microsoft Visual Studio 10.0\VC\bin\link.exe /ERRORREPORT:PROMPT /OUT:"C:\Users\MutantSuperNick\Desktop\SCHOOL\Year2\AI\Nick_Genetic\Debug\sorting.exe" /INCREMENTAL /NOLOGO kernel32.lib user32.lib gdi32.lib winspool.lib comdlg32.lib advapi32.lib shell32.lib ole32.lib oleaut32.lib uuid.lib odbc32.lib odbccp32.lib /MANIFEST /ManifestFile:"Debug\sorting.exe.intermediate.manifest" /MANIFESTUAC:"level='asInvoker' uiAccess='false'" /DEBUG /PDB:"C:\Users\MutantSuperNick\Desktop\SCHOOL\Year2\AI\Nick_Genetic\Debug\sorting.pdb" /SUBSYSTEM:CONSOLE /TLBID:1 /DYNAMICBASE /NXCOMPAT /IMPLIB:"C:\Users\MutantSuperNick\Desktop\SCHOOL\Year2\AI\Nick_Genetic\Debug\sorting.lib" /MACHINE:X86 Debug\sorting.exe.embed.manifest.res
         Debug\main.obj
         Debug\Map.obj
         Debug\placement.obj
       Manifest:
         C:\Program Files (x86)\Microsoft SDKs\Windows\v7.0A\bin\mt.exe /nologo /verbose /out:"Debug\sorting.exe.embed.manifest" /manifest Debug\sorting.exe.intermediate.manifest
         C:\Program Files (x86)\Microsoft SDKs\Windows\v7.0A\bin\rc.exe /nologo /fo"Debug\sorting.exe.embed.manifest.res" Debug\sorting_manifest.rc 
       LinkEmbedManifest:
         c:\Program Files (x86)\Microsoft Visual Studio 10.0\VC\bin\link.exe /ERRORREPORT:PROMPT /OUT:"C:\Users\MutantSuperNick\Desktop\SCHOOL\Year2\AI\Nick_Genetic\Debug\sorting.exe" /INCREMENTAL /NOLOGO kernel32.lib user32.lib gdi32.lib winspool.lib comdlg32.lib advapi32.lib shell32.lib ole32.lib oleaut32.lib uuid.lib odbc32.lib odbccp32.lib /MANIFEST /ManifestFile:"Debug\sorting.exe.intermediate.manifest" /MANIFESTUAC:"level='asInvoker' uiAccess='false'" /DEBUG /PDB:"C:\Users\MutantSuperNick\Desktop\SCHOOL\Year2\AI\Nick_Genetic\Debug\sorting.pdb" /SUBSYSTEM:CONSOLE /TLBID:1 /DYNAMICBASE /NXCOMPAT /IMPLIB:"C:\Users\MutantSuperNick\Desktop\SCHOOL\Year2\AI\Nick_Genetic\Debug\sorting.lib" /MACHINE:X86 Debug\sorting.exe.embed.manifest.res
         Debug\main.obj
         Debug\Map.obj
         Debug\placement.obj
         sorting.vcxproj -> C:\Users\MutantSuperNick\Desktop\SCHOOL\Year2\AI\Nick_Genetic\Debug\sorting.exe
       FinalizeBuildStatus:
         Deleting file "Debug\sorting.unsuccessfulbuild".
         Touching "Debug\sorting.lastbuildstate".
     1>Done Building Project "C:\Users\MutantSuperNick\Desktop\SCHOOL\Year2\AI\Nick_Genetic\sorting\sorting.vcxproj" (build target(s)).

Build succeeded.

Time Elapsed 00:00:05.11
